<?xml version="1.0" encoding="utf-8"?><testsuites name="pytest tests"><testsuite name="pytest" errors="0" failures="0" skipped="0" tests="15" time="3.555" timestamp="2026-04-25T21:13:25.371861+00:00" hostname="agent-env-bf4e9edb-f747-4ba8-b356-59eeab39242f"><testcase classname="backend.tests.test_nephro.TestAuth" name="test_login_success" time="0.495" /><testcase classname="backend.tests.test_nephro.TestAuth" name="test_login_invalid" time="0.331" /><testcase classname="backend.tests.test_nephro.TestAuth" name="test_me_endpoint" time="0.471" /><testcase classname="backend.tests.test_nephro.TestAuth" name="test_register_new_patient" time="0.377" /><testcase classname="backend.tests.test_nephro.TestAuth" name="test_register_duplicate_mr_id" time="0.106" /><testcase classname="backend.tests.test_nephro.TestVitals" name="test_get_vitals" time="0.146" /><testcase classname="backend.tests.test_nephro.TestVitals" name="test_create_bp_vital" time="0.117" /><testcase classname="backend.tests.test_nephro.TestVitals" name="test_create_weight_vital" time="0.115" /><testcase classname="backend.tests.test_nephro.TestVitals" name="test_update_vital" time="0.337" /><testcase classname="backend.tests.test_nephro.TestVitals" name="test_delete_vital" time="0.230" /><testcase classname="backend.tests.test_nephro.TestVitals" name="test_get_today_vitals" time="0.148" /><testcase classname="backend.tests.test_nephro.TestPrescriptions" name="test_get_prescriptions" time="0.111" /><testcase classname="backend.tests.test_nephro.TestPrescriptions" name="test_get_medication_today" time="0.116" /><testcase classname="backend.tests.test_nephro.TestPrescriptions" name="test_medication_check" time="0.221" /><testcase classname="backend.tests.test_nephro.TestProfile" name="test_get_profile" time="0.104" /></testsuite></testsuites>